{"C:\\Users\\USER\\Downloads\\CODING\\ORG\\Interviews\\ticketting-system-backend\\src\\index.ts": {"path":"C:\\Users\\USER\\Downloads\\CODING\\ORG\\Interviews\\ticketting-system-backend\\src\\index.ts","statementMap":{"0":{"start":{"line":2,"column":0},"end":{"line":2,"column":32}},"1":{"start":{"line":4,"column":0},"end":{"line":4,"column":30}},"2":{"start":{"line":5,"column":0},"end":{"line":5,"column":36}},"3":{"start":{"line":6,"column":0},"end":{"line":6,"column":43}},"4":{"start":{"line":8,"column":0},"end":{"line":8,"column":30}},"5":{"start":{"line":9,"column":0},"end":{"line":9,"column":53}},"6":{"start":{"line":10,"column":0},"end":{"line":10,"column":74}},"7":{"start":{"line":11,"column":0},"end":{"line":11,"column":81}},"8":{"start":{"line":13,"column":21},"end":{"line":13,"column":30}},"9":{"start":{"line":39,"column":9},"end":{"line":39,"column":12}},"10":{"start":{"line":14,"column":19},"end":{"line":14,"column":36}},"11":{"start":{"line":39,"column":14},"end":{"line":39,"column":24}},"12":{"start":{"line":17,"column":0},"end":{"line":17,"column":33}},"13":{"start":{"line":19,"column":0},"end":{"line":19,"column":16}},"14":{"start":{"line":22,"column":0},"end":{"line":22,"column":30}},"15":{"start":{"line":24,"column":30},"end":{"line":24,"column":54}},"16":{"start":{"line":27,"column":0},"end":{"line":32,"column":3}},"17":{"start":{"line":27,"column":35},"end":{"line":32,"column":2}},"18":{"start":{"line":28,"column":4},"end":{"line":28,"column":56}},"19":{"start":{"line":31,"column":4},"end":{"line":31,"column":22}},"20":{"start":{"line":35,"column":0},"end":{"line":37,"column":3}},"21":{"start":{"line":36,"column":4},"end":{"line":36,"column":71}}},"fnMap":{"0":{"name":"(anonymous_8)","decl":{"start":{"line":27,"column":24},"end":{"line":27,"column":33}},"loc":{"start":{"line":27,"column":35},"end":{"line":32,"column":2}}},"1":{"name":"(anonymous_9)","decl":{"start":{"line":27,"column":35},"end":{"line":27,"column":null}},"loc":{"start":{"line":27,"column":35},"end":{"line":32,"column":1}}},"2":{"name":"(anonymous_10)","decl":{"start":{"line":35,"column":16},"end":{"line":35,"column":17}},"loc":{"start":{"line":35,"column":26},"end":{"line":37,"column":1}}}},"branchMap":{"0":{"loc":{"start":{"line":24,"column":30},"end":{"line":24,"column":54}},"type":"binary-expr","locations":[{"start":{"line":24,"column":30},"end":{"line":24,"column":46}},{"start":{"line":24,"column":50},"end":{"line":24,"column":54}}]}},"s":{"0":2,"1":2,"2":2,"3":2,"4":2,"5":2,"6":2,"7":2,"8":2,"9":2,"10":2,"11":2,"12":2,"13":2,"14":2,"15":2,"16":2,"17":2,"18":2,"19":2,"20":2,"21":0},"f":{"0":2,"1":2,"2":0},"b":{"0":[2,2]}}
,"C:\\Users\\USER\\Downloads\\CODING\\ORG\\Interviews\\ticketting-system-backend\\src\\configs\\index.ts": {"path":"C:\\Users\\USER\\Downloads\\CODING\\ORG\\Interviews\\ticketting-system-backend\\src\\configs\\index.ts","statementMap":{"0":{"start":{"line":2,"column":0},"end":{"line":2,"column":20}},"1":{"start":{"line":3,"column":0},"end":{"line":3,"column":28}},"2":{"start":{"line":4,"column":0},"end":{"line":4,"column":45}},"3":{"start":{"line":6,"column":0},"end":{"line":6,"column":16}},"4":{"start":{"line":22,"column":20},"end":{"line":22,"column":39}},"5":{"start":{"line":103,"column":25},"end":{"line":103,"column":36}},"6":{"start":{"line":23,"column":23},"end":{"line":23,"column":60}},"7":{"start":{"line":103,"column":9},"end":{"line":103,"column":23}},"8":{"start":{"line":25,"column":25},"end":{"line":41,"column":2}},"9":{"start":{"line":43,"column":23},"end":{"line":91,"column":11}},"10":{"start":{"line":94,"column":0},"end":{"line":96,"column":null}},"11":{"start":{"line":95,"column":4},"end":{"line":95,"column":59}},"12":{"start":{"line":98,"column":16},"end":{"line":98,"column":77}},"13":{"start":{"line":103,"column":38},"end":{"line":103,"column":45}}},"fnMap":{},"branchMap":{"0":{"loc":{"start":{"line":23,"column":23},"end":{"line":23,"column":60}},"type":"binary-expr","locations":[{"start":{"line":23,"column":23},"end":{"line":23,"column":43}},{"start":{"line":23,"column":47},"end":{"line":23,"column":60}}]},"1":{"loc":{"start":{"line":94,"column":0},"end":{"line":96,"column":null}},"type":"if","locations":[{"start":{"line":94,"column":0},"end":{"line":96,"column":null}}]}},"s":{"0":4,"1":4,"2":4,"3":4,"4":4,"5":4,"6":4,"7":4,"8":4,"9":4,"10":4,"11":0,"12":4,"13":4},"f":{},"b":{"0":[4,0],"1":[0]}}
,"C:\\Users\\USER\\Downloads\\CODING\\ORG\\Interviews\\ticketting-system-backend\\src\\constants\\index.ts": {"path":"C:\\Users\\USER\\Downloads\\CODING\\ORG\\Interviews\\ticketting-system-backend\\src\\constants\\index.ts","statementMap":{"0":{"start":{"line":1,"column":13},"end":{"line":3,"column":11}}},"fnMap":{},"branchMap":{},"s":{"0":3},"f":{},"b":{}}
,"C:\\Users\\USER\\Downloads\\CODING\\ORG\\Interviews\\ticketting-system-backend\\src\\controllers\\v1\\auth.controller.ts": {"path":"C:\\Users\\USER\\Downloads\\CODING\\ORG\\Interviews\\ticketting-system-backend\\src\\controllers\\v1\\auth.controller.ts","statementMap":{"0":{"start":{"line":3,"column":0},"end":{"line":3,"column":44}},"1":{"start":{"line":4,"column":0},"end":{"line":4,"column":53}},"2":{"start":{"line":8,"column":23},"end":{"line":8,"column":54}},"3":{"start":{"line":9,"column":8},"end":{"line":9,"column":70}},"4":{"start":{"line":13,"column":23},"end":{"line":13,"column":51}},"5":{"start":{"line":14,"column":8},"end":{"line":14,"column":72}},"6":{"start":{"line":18,"column":23},"end":{"line":18,"column":59}},"7":{"start":{"line":19,"column":8},"end":{"line":19,"column":66}},"8":{"start":{"line":23,"column":23},"end":{"line":23,"column":52}},"9":{"start":{"line":24,"column":8},"end":{"line":24,"column":73}},"10":{"start":{"line":28,"column":0},"end":{"line":28,"column":36}}},"fnMap":{"0":{"name":"(anonymous_8)","decl":{"start":{"line":7,"column":10},"end":{"line":7,"column":18}},"loc":{"start":{"line":7,"column":46},"end":{"line":10,"column":null}}},"1":{"name":"(anonymous_10)","decl":{"start":{"line":12,"column":10},"end":{"line":12,"column":15}},"loc":{"start":{"line":12,"column":43},"end":{"line":15,"column":null}}},"2":{"name":"(anonymous_12)","decl":{"start":{"line":17,"column":10},"end":{"line":17,"column":23}},"loc":{"start":{"line":17,"column":51},"end":{"line":20,"column":null}}},"3":{"name":"(anonymous_14)","decl":{"start":{"line":22,"column":10},"end":{"line":22,"column":16}},"loc":{"start":{"line":22,"column":44},"end":{"line":25,"column":null}}}},"branchMap":{},"s":{"0":2,"1":2,"2":0,"3":0,"4":0,"5":0,"6":0,"7":0,"8":0,"9":0,"10":2},"f":{"0":0,"1":0,"2":0,"3":0},"b":{}}
,"C:\\Users\\USER\\Downloads\\CODING\\ORG\\Interviews\\ticketting-system-backend\\src\\controllers\\v1\\event.controller.ts": {"path":"C:\\Users\\USER\\Downloads\\CODING\\ORG\\Interviews\\ticketting-system-backend\\src\\controllers\\v1\\event.controller.ts","statementMap":{"0":{"start":{"line":3,"column":0},"end":{"line":3,"column":44}},"1":{"start":{"line":4,"column":0},"end":{"line":4,"column":55}},"2":{"start":{"line":8,"column":23},"end":{"line":8,"column":58}},"3":{"start":{"line":9,"column":8},"end":{"line":9,"column":77}},"4":{"start":{"line":13,"column":23},"end":{"line":13,"column":65}},"5":{"start":{"line":14,"column":8},"end":{"line":14,"column":87}},"6":{"start":{"line":18,"column":23},"end":{"line":18,"column":65}},"7":{"start":{"line":19,"column":8},"end":{"line":19,"column":100}},"8":{"start":{"line":23,"column":23},"end":{"line":23,"column":61}},"9":{"start":{"line":24,"column":8},"end":{"line":24,"column":86}},"10":{"start":{"line":28,"column":0},"end":{"line":28,"column":37}}},"fnMap":{"0":{"name":"(anonymous_8)","decl":{"start":{"line":7,"column":10},"end":{"line":7,"column":21}},"loc":{"start":{"line":7,"column":49},"end":{"line":10,"column":null}}},"1":{"name":"(anonymous_10)","decl":{"start":{"line":12,"column":10},"end":{"line":12,"column":28}},"loc":{"start":{"line":12,"column":56},"end":{"line":15,"column":null}}},"2":{"name":"(anonymous_12)","decl":{"start":{"line":17,"column":10},"end":{"line":17,"column":28}},"loc":{"start":{"line":17,"column":56},"end":{"line":20,"column":null}}},"3":{"name":"(anonymous_14)","decl":{"start":{"line":22,"column":10},"end":{"line":22,"column":24}},"loc":{"start":{"line":22,"column":52},"end":{"line":25,"column":null}}}},"branchMap":{},"s":{"0":2,"1":2,"2":1,"3":1,"4":1,"5":1,"6":1,"7":1,"8":1,"9":1,"10":2},"f":{"0":1,"1":1,"2":1,"3":1},"b":{}}
,"C:\\Users\\USER\\Downloads\\CODING\\ORG\\Interviews\\ticketting-system-backend\\src\\controllers\\v1\\user.controller.ts": {"path":"C:\\Users\\USER\\Downloads\\CODING\\ORG\\Interviews\\ticketting-system-backend\\src\\controllers\\v1\\user.controller.ts","statementMap":{"0":{"start":{"line":3,"column":0},"end":{"line":3,"column":44}},"1":{"start":{"line":4,"column":0},"end":{"line":4,"column":53}},"2":{"start":{"line":8,"column":23},"end":{"line":8,"column":60}},"3":{"start":{"line":9,"column":8},"end":{"line":9,"column":61}},"4":{"start":{"line":13,"column":0},"end":{"line":13,"column":36}}},"fnMap":{"0":{"name":"(anonymous_8)","decl":{"start":{"line":7,"column":10},"end":{"line":7,"column":24}},"loc":{"start":{"line":7,"column":52},"end":{"line":10,"column":null}}}},"branchMap":{},"s":{"0":2,"1":2,"2":1,"3":1,"4":2},"f":{"0":1},"b":{}}
,"C:\\Users\\USER\\Downloads\\CODING\\ORG\\Interviews\\ticketting-system-backend\\src\\lib\\bullmq.ts": {"path":"C:\\Users\\USER\\Downloads\\CODING\\ORG\\Interviews\\ticketting-system-backend\\src\\lib\\bullmq.ts","statementMap":{"0":{"start":{"line":1,"column":0},"end":{"line":1,"column":31}},"1":{"start":{"line":3,"column":0},"end":{"line":3,"column":36}},"2":{"start":{"line":4,"column":0},"end":{"line":4,"column":36}},"3":{"start":{"line":6,"column":19},"end":{"line":6,"column":85}},"4":{"start":{"line":8,"column":9},"end":{"line":8,"column":19}}},"fnMap":{},"branchMap":{},"s":{"0":2,"1":2,"2":2,"3":2,"4":2},"f":{},"b":{}}
,"C:\\Users\\USER\\Downloads\\CODING\\ORG\\Interviews\\ticketting-system-backend\\src\\lib\\redis.ts": {"path":"C:\\Users\\USER\\Downloads\\CODING\\ORG\\Interviews\\ticketting-system-backend\\src\\lib\\redis.ts","statementMap":{"0":{"start":{"line":1,"column":0},"end":{"line":1,"column":32}},"1":{"start":{"line":2,"column":0},"end":{"line":2,"column":52}},"2":{"start":{"line":4,"column":14},"end":{"line":4,"column":74}},"3":{"start":{"line":16,"column":9},"end":{"line":16,"column":14}},"4":{"start":{"line":6,"column":0},"end":{"line":8,"column":3}},"5":{"start":{"line":7,"column":4},"end":{"line":7,"column":112}},"6":{"start":{"line":10,"column":0},"end":{"line":12,"column":3}},"7":{"start":{"line":11,"column":4},"end":{"line":11,"column":76}},"8":{"start":{"line":14,"column":26},"end":{"line":14,"column":44}},"9":{"start":{"line":14,"column":32},"end":{"line":14,"column":44}},"10":{"start":{"line":14,"column":13},"end":{"line":14,"column":26}}},"fnMap":{"0":{"name":"(anonymous_0)","decl":{"start":{"line":6,"column":20},"end":{"line":6,"column":23}},"loc":{"start":{"line":6,"column":25},"end":{"line":8,"column":1}}},"1":{"name":"(anonymous_1)","decl":{"start":{"line":10,"column":18},"end":{"line":10,"column":19}},"loc":{"start":{"line":10,"column":28},"end":{"line":12,"column":1}}},"2":{"name":"(anonymous_2)","decl":{"start":{"line":14,"column":26},"end":{"line":14,"column":29}},"loc":{"start":{"line":14,"column":32},"end":{"line":14,"column":44}}}},"branchMap":{"0":{"loc":{"start":{"line":7,"column":54},"end":{"line":7,"column":110}},"type":"cond-expr","locations":[{"start":{"line":7,"column":88},"end":{"line":7,"column":90}},{"start":{"line":7,"column":93},"end":{"line":7,"column":110}}]}},"s":{"0":2,"1":2,"2":2,"3":2,"4":2,"5":2,"6":2,"7":0,"8":2,"9":2,"10":2},"f":{"0":2,"1":0,"2":2},"b":{"0":[0,2]}}
,"C:\\Users\\USER\\Downloads\\CODING\\ORG\\Interviews\\ticketting-system-backend\\src\\middlewares\\auth.middleware.ts": {"path":"C:\\Users\\USER\\Downloads\\CODING\\ORG\\Interviews\\ticketting-system-backend\\src\\middlewares\\auth.middleware.ts","statementMap":{"0":{"start":{"line":1,"column":0},"end":{"line":1,"column":31}},"1":{"start":{"line":4,"column":0},"end":{"line":4,"column":38}},"2":{"start":{"line":5,"column":0},"end":{"line":5,"column":36}},"3":{"start":{"line":6,"column":0},"end":{"line":6,"column":51}},"4":{"start":{"line":13,"column":0},"end":{"line":39,"column":2}},"5":{"start":{"line":14,"column":4},"end":{"line":14,"column":62}},"6":{"start":{"line":16,"column":4},"end":{"line":38,"column":6}},"7":{"start":{"line":16,"column":70},"end":{"line":38,"column":6}},"8":{"start":{"line":17,"column":8},"end":{"line":17,"column":107}},"9":{"start":{"line":17,"column":40},"end":{"line":17,"column":107}},"10":{"start":{"line":19,"column":30},"end":{"line":19,"column":75}},"11":{"start":{"line":21,"column":29},"end":{"line":24,"column":10}},"12":{"start":{"line":22,"column":12},"end":{"line":22,"column":77}},"13":{"start":{"line":22,"column":21},"end":{"line":22,"column":77}},"14":{"start":{"line":23,"column":12},"end":{"line":23,"column":27}},"15":{"start":{"line":26,"column":21},"end":{"line":26,"column":80}},"16":{"start":{"line":29,"column":8},"end":{"line":29,"column":76}},"17":{"start":{"line":29,"column":19},"end":{"line":29,"column":76}},"18":{"start":{"line":32,"column":8},"end":{"line":32,"column":102}},"19":{"start":{"line":32,"column":40},"end":{"line":32,"column":102}},"20":{"start":{"line":35,"column":8},"end":{"line":35,"column":32}},"21":{"start":{"line":37,"column":8},"end":{"line":37,"column":15}}},"fnMap":{"0":{"name":"(anonymous_8)","decl":{"start":{"line":13,"column":15},"end":{"line":13,"column":16}},"loc":{"start":{"line":13,"column":40},"end":{"line":39,"column":1}}},"1":{"name":"(anonymous_9)","decl":{"start":{"line":16,"column":11},"end":{"line":16,"column":18}},"loc":{"start":{"line":16,"column":70},"end":{"line":38,"column":6}}},"2":{"name":"(anonymous_10)","decl":{"start":{"line":16,"column":70},"end":{"line":16,"column":null}},"loc":{"start":{"line":16,"column":70},"end":{"line":38,"column":5}}},"3":{"name":"(anonymous_11)","decl":{"start":{"line":21,"column":67},"end":{"line":21,"column":68}},"loc":{"start":{"line":21,"column":94},"end":{"line":24,"column":9}}}},"branchMap":{"0":{"loc":{"start":{"line":13,"column":16},"end":{"line":13,"column":36}},"type":"default-arg","locations":[{"start":{"line":13,"column":34},"end":{"line":13,"column":36}}]},"1":{"loc":{"start":{"line":14,"column":12},"end":{"line":14,"column":61}},"type":"cond-expr","locations":[{"start":{"line":14,"column":31},"end":{"line":14,"column":36}},{"start":{"line":14,"column":39},"end":{"line":14,"column":61}}]},"2":{"loc":{"start":{"line":17,"column":8},"end":{"line":17,"column":107}},"type":"if","locations":[{"start":{"line":17,"column":8},"end":{"line":17,"column":107}}]},"3":{"loc":{"start":{"line":19,"column":30},"end":{"line":19,"column":75}},"type":"binary-expr","locations":[{"start":{"line":19,"column":30},"end":{"line":19,"column":69}},{"start":{"line":19,"column":73},"end":{"line":19,"column":75}}]},"4":{"loc":{"start":{"line":22,"column":12},"end":{"line":22,"column":77}},"type":"if","locations":[{"start":{"line":22,"column":12},"end":{"line":22,"column":77}}]},"5":{"loc":{"start":{"line":29,"column":8},"end":{"line":29,"column":76}},"type":"if","locations":[{"start":{"line":29,"column":8},"end":{"line":29,"column":76}}]},"6":{"loc":{"start":{"line":32,"column":8},"end":{"line":32,"column":102}},"type":"if","locations":[{"start":{"line":32,"column":8},"end":{"line":32,"column":102}}]}},"s":{"0":2,"1":2,"2":2,"3":2,"4":2,"5":10,"6":10,"7":6,"8":6,"9":0,"10":6,"11":6,"12":6,"13":0,"14":6,"15":6,"16":6,"17":1,"18":5,"19":0,"20":5,"21":5},"f":{"0":10,"1":6,"2":6,"3":6},"b":{"0":[0],"1":[10,0],"2":[0],"3":[6,0],"4":[0],"5":[1],"6":[0]}}
,"C:\\Users\\USER\\Downloads\\CODING\\ORG\\Interviews\\ticketting-system-backend\\src\\middlewares\\error.middleware.ts": {"path":"C:\\Users\\USER\\Downloads\\CODING\\ORG\\Interviews\\ticketting-system-backend\\src\\middlewares\\error.middleware.ts","statementMap":{"0":{"start":{"line":1,"column":0},"end":{"line":1,"column":44}},"1":{"start":{"line":4,"column":33},"end":{"line":35,"column":1}},"2":{"start":{"line":6,"column":4},"end":{"line":8,"column":7}},"3":{"start":{"line":7,"column":8},"end":{"line":7,"column":71}},"4":{"start":{"line":11,"column":4},"end":{"line":32,"column":7}},"5":{"start":{"line":13,"column":8},"end":{"line":29,"column":null}},"6":{"start":{"line":14,"column":12},"end":{"line":14,"column":89}},"7":{"start":{"line":15,"column":15},"end":{"line":29,"column":null}},"8":{"start":{"line":26,"column":12},"end":{"line":26,"column":71}},"9":{"start":{"line":28,"column":12},"end":{"line":28,"column":71}},"10":{"start":{"line":31,"column":8},"end":{"line":31,"column":15}},"11":{"start":{"line":34,"column":4},"end":{"line":34,"column":15}},"12":{"start":{"line":37,"column":9},"end":{"line":37,"column":33}}},"fnMap":{"0":{"name":"(anonymous_1)","decl":{"start":{"line":4,"column":33},"end":{"line":4,"column":34}},"loc":{"start":{"line":4,"column":59},"end":{"line":35,"column":1}}},"1":{"name":"(anonymous_2)","decl":{"start":{"line":6,"column":17},"end":{"line":6,"column":18}},"loc":{"start":{"line":6,"column":50},"end":{"line":8,"column":5}}},"2":{"name":"(anonymous_3)","decl":{"start":{"line":11,"column":12},"end":{"line":11,"column":13}},"loc":{"start":{"line":11,"column":79},"end":{"line":32,"column":5}}}},"branchMap":{"0":{"loc":{"start":{"line":13,"column":8},"end":{"line":29,"column":null}},"type":"if","locations":[{"start":{"line":13,"column":8},"end":{"line":29,"column":null}},{"start":{"line":15,"column":15},"end":{"line":29,"column":null}}]},"1":{"loc":{"start":{"line":13,"column":12},"end":{"line":13,"column":64}},"type":"binary-expr","locations":[{"start":{"line":13,"column":12},"end":{"line":13,"column":39}},{"start":{"line":13,"column":44},"end":{"line":13,"column":64}}]},"2":{"loc":{"start":{"line":15,"column":15},"end":{"line":29,"column":null}},"type":"if","locations":[{"start":{"line":15,"column":15},"end":{"line":29,"column":null}},{"start":{"line":27,"column":15},"end":{"line":29,"column":null}}]}},"s":{"0":2,"1":2,"2":2,"3":0,"4":2,"5":1,"6":1,"7":0,"8":0,"9":0,"10":1,"11":2,"12":2},"f":{"0":2,"1":0,"2":1},"b":{"0":[1,0],"1":[1,1],"2":[0,0]}}
,"C:\\Users\\USER\\Downloads\\CODING\\ORG\\Interviews\\ticketting-system-backend\\src\\middlewares\\pre-route.middleware.ts": {"path":"C:\\Users\\USER\\Downloads\\CODING\\ORG\\Interviews\\ticketting-system-backend\\src\\middlewares\\pre-route.middleware.ts","statementMap":{"0":{"start":{"line":1,"column":0},"end":{"line":1,"column":20}},"1":{"start":{"line":2,"column":0},"end":{"line":2,"column":24}},"2":{"start":{"line":3,"column":0},"end":{"line":3,"column":28}},"3":{"start":{"line":4,"column":0},"end":{"line":4,"column":28}},"4":{"start":{"line":5,"column":0},"end":{"line":5,"column":43}},"5":{"start":{"line":6,"column":0},"end":{"line":6,"column":46}},"6":{"start":{"line":7,"column":0},"end":{"line":7,"column":47}},"7":{"start":{"line":9,"column":0},"end":{"line":9,"column":36}},"8":{"start":{"line":10,"column":0},"end":{"line":10,"column":36}},"9":{"start":{"line":12,"column":36},"end":{"line":48,"column":1}},"10":{"start":{"line":14,"column":4},"end":{"line":19,"column":6}},"11":{"start":{"line":22,"column":4},"end":{"line":33,"column":6}},"12":{"start":{"line":30,"column":52},"end":{"line":30,"column":71}},"13":{"start":{"line":36,"column":4},"end":{"line":36,"column":54}},"14":{"start":{"line":39,"column":4},"end":{"line":39,"column":30}},"15":{"start":{"line":42,"column":4},"end":{"line":42,"column":28}},"16":{"start":{"line":45,"column":4},"end":{"line":45,"column":52}},"17":{"start":{"line":47,"column":4},"end":{"line":47,"column":15}},"18":{"start":{"line":50,"column":9},"end":{"line":50,"column":36}}},"fnMap":{"0":{"name":"(anonymous_1)","decl":{"start":{"line":12,"column":36},"end":{"line":12,"column":37}},"loc":{"start":{"line":12,"column":62},"end":{"line":48,"column":1}}},"1":{"name":"(anonymous_2)","decl":{"start":{"line":30,"column":29},"end":{"line":30,"column":30}},"loc":{"start":{"line":30,"column":52},"end":{"line":30,"column":71}}}},"branchMap":{},"s":{"0":2,"1":2,"2":2,"3":2,"4":2,"5":2,"6":2,"7":2,"8":2,"9":2,"10":2,"11":2,"12":10,"13":2,"14":2,"15":2,"16":2,"17":2,"18":2},"f":{"0":2,"1":10},"b":{}}
,"C:\\Users\\USER\\Downloads\\CODING\\ORG\\Interviews\\ticketting-system-backend\\src\\middlewares\\trim-incoming.middleware.ts": {"path":"C:\\Users\\USER\\Downloads\\CODING\\ORG\\Interviews\\ticketting-system-backend\\src\\middlewares\\trim-incoming.middleware.ts","statementMap":{"0":{"start":{"line":2,"column":0},"end":{"line":2,"column":64}},"1":{"start":{"line":4,"column":29},"end":{"line":18,"column":1}},"2":{"start":{"line":5,"column":4},"end":{"line":7,"column":null}},"3":{"start":{"line":6,"column":8},"end":{"line":6,"column":47}},"4":{"start":{"line":9,"column":4},"end":{"line":11,"column":null}},"5":{"start":{"line":10,"column":8},"end":{"line":10,"column":49}},"6":{"start":{"line":13,"column":4},"end":{"line":15,"column":null}},"7":{"start":{"line":14,"column":8},"end":{"line":14,"column":51}},"8":{"start":{"line":17,"column":4},"end":{"line":17,"column":11}},"9":{"start":{"line":20,"column":0},"end":{"line":20,"column":36}}},"fnMap":{"0":{"name":"(anonymous_0)","decl":{"start":{"line":4,"column":29},"end":{"line":4,"column":30}},"loc":{"start":{"line":4,"column":82},"end":{"line":18,"column":1}}}},"branchMap":{"0":{"loc":{"start":{"line":5,"column":4},"end":{"line":7,"column":null}},"type":"if","locations":[{"start":{"line":5,"column":4},"end":{"line":7,"column":null}}]},"1":{"loc":{"start":{"line":9,"column":4},"end":{"line":11,"column":null}},"type":"if","locations":[{"start":{"line":9,"column":4},"end":{"line":11,"column":null}}]},"2":{"loc":{"start":{"line":13,"column":4},"end":{"line":15,"column":null}},"type":"if","locations":[{"start":{"line":13,"column":4},"end":{"line":15,"column":null}}]}},"s":{"0":2,"1":2,"2":6,"3":6,"4":6,"5":6,"6":6,"7":6,"8":6,"9":2},"f":{"0":6},"b":{"0":[6],"1":[6],"2":[6]}}
,"C:\\Users\\USER\\Downloads\\CODING\\ORG\\Interviews\\ticketting-system-backend\\src\\routes\\index.ts": {"path":"C:\\Users\\USER\\Downloads\\CODING\\ORG\\Interviews\\ticketting-system-backend\\src\\routes\\index.ts","statementMap":{"0":{"start":{"line":1,"column":0},"end":{"line":1,"column":61}},"1":{"start":{"line":3,"column":0},"end":{"line":3,"column":35}},"2":{"start":{"line":4,"column":0},"end":{"line":4,"column":56}},"3":{"start":{"line":5,"column":0},"end":{"line":5,"column":74}},"4":{"start":{"line":7,"column":23},"end":{"line":7,"column":39}},"5":{"start":{"line":10,"column":0},"end":{"line":10,"column":33}},"6":{"start":{"line":12,"column":0},"end":{"line":12,"column":28}},"7":{"start":{"line":14,"column":0},"end":{"line":22,"column":3}},"8":{"start":{"line":15,"column":4},"end":{"line":21,"column":7}},"9":{"start":{"line":24,"column":0},"end":{"line":24,"column":22}}},"fnMap":{"0":{"name":"(anonymous_1)","decl":{"start":{"line":14,"column":16},"end":{"line":14,"column":17}},"loc":{"start":{"line":14,"column":49},"end":{"line":22,"column":1}}}},"branchMap":{},"s":{"0":2,"1":2,"2":2,"3":2,"4":2,"5":2,"6":2,"7":2,"8":0,"9":2},"f":{"0":0},"b":{}}
,"C:\\Users\\USER\\Downloads\\CODING\\ORG\\Interviews\\ticketting-system-backend\\src\\routes\\v1\\auth.route.ts": {"path":"C:\\Users\\USER\\Downloads\\CODING\\ORG\\Interviews\\ticketting-system-backend\\src\\routes\\v1\\auth.route.ts","statementMap":{"0":{"start":{"line":1,"column":0},"end":{"line":1,"column":33}},"1":{"start":{"line":3,"column":0},"end":{"line":3,"column":56}},"2":{"start":{"line":5,"column":23},"end":{"line":5,"column":31}},"3":{"start":{"line":7,"column":0},"end":{"line":7,"column":44}},"4":{"start":{"line":9,"column":0},"end":{"line":9,"column":38}},"5":{"start":{"line":11,"column":0},"end":{"line":11,"column":55}},"6":{"start":{"line":13,"column":0},"end":{"line":13,"column":40}},"7":{"start":{"line":15,"column":0},"end":{"line":15,"column":22}}},"fnMap":{},"branchMap":{},"s":{"0":2,"1":2,"2":2,"3":2,"4":2,"5":2,"6":2,"7":2},"f":{},"b":{}}
,"C:\\Users\\USER\\Downloads\\CODING\\ORG\\Interviews\\ticketting-system-backend\\src\\routes\\v1\\event.route.ts": {"path":"C:\\Users\\USER\\Downloads\\CODING\\ORG\\Interviews\\ticketting-system-backend\\src\\routes\\v1\\event.route.ts","statementMap":{"0":{"start":{"line":1,"column":0},"end":{"line":1,"column":33}},"1":{"start":{"line":3,"column":0},"end":{"line":3,"column":36}},"2":{"start":{"line":4,"column":0},"end":{"line":4,"column":49}},"3":{"start":{"line":5,"column":0},"end":{"line":5,"column":58}},"4":{"start":{"line":7,"column":23},"end":{"line":7,"column":31}},"5":{"start":{"line":9,"column":0},"end":{"line":9,"column":88}},"6":{"start":{"line":11,"column":0},"end":{"line":11,"column":80}},"7":{"start":{"line":13,"column":0},"end":{"line":13,"column":81}},"8":{"start":{"line":15,"column":0},"end":{"line":15,"column":93}},"9":{"start":{"line":17,"column":0},"end":{"line":17,"column":22}}},"fnMap":{},"branchMap":{},"s":{"0":2,"1":2,"2":2,"3":2,"4":2,"5":2,"6":2,"7":2,"8":2,"9":2},"f":{},"b":{}}
,"C:\\Users\\USER\\Downloads\\CODING\\ORG\\Interviews\\ticketting-system-backend\\src\\routes\\v1\\index.ts": {"path":"C:\\Users\\USER\\Downloads\\CODING\\ORG\\Interviews\\ticketting-system-backend\\src\\routes\\v1\\index.ts","statementMap":{"0":{"start":{"line":1,"column":0},"end":{"line":1,"column":42}},"1":{"start":{"line":3,"column":0},"end":{"line":3,"column":48}},"2":{"start":{"line":4,"column":0},"end":{"line":4,"column":48}},"3":{"start":{"line":5,"column":0},"end":{"line":5,"column":50}},"4":{"start":{"line":7,"column":23},"end":{"line":7,"column":39}},"5":{"start":{"line":9,"column":0},"end":{"line":9,"column":32}},"6":{"start":{"line":11,"column":0},"end":{"line":11,"column":33}},"7":{"start":{"line":13,"column":0},"end":{"line":13,"column":35}},"8":{"start":{"line":15,"column":0},"end":{"line":15,"column":22}}},"fnMap":{},"branchMap":{},"s":{"0":2,"1":2,"2":2,"3":2,"4":2,"5":2,"6":2,"7":2,"8":2},"f":{},"b":{}}
,"C:\\Users\\USER\\Downloads\\CODING\\ORG\\Interviews\\ticketting-system-backend\\src\\routes\\v1\\user.route.ts": {"path":"C:\\Users\\USER\\Downloads\\CODING\\ORG\\Interviews\\ticketting-system-backend\\src\\routes\\v1\\user.route.ts","statementMap":{"0":{"start":{"line":1,"column":0},"end":{"line":1,"column":33}},"1":{"start":{"line":3,"column":0},"end":{"line":3,"column":36}},"2":{"start":{"line":4,"column":0},"end":{"line":4,"column":49}},"3":{"start":{"line":5,"column":0},"end":{"line":5,"column":56}},"4":{"start":{"line":7,"column":23},"end":{"line":7,"column":31}},"5":{"start":{"line":9,"column":0},"end":{"line":9,"column":73}},"6":{"start":{"line":11,"column":0},"end":{"line":11,"column":22}}},"fnMap":{},"branchMap":{},"s":{"0":2,"1":2,"2":2,"3":2,"4":2,"5":2,"6":2},"f":{},"b":{}}
,"C:\\Users\\USER\\Downloads\\CODING\\ORG\\Interviews\\ticketting-system-backend\\src\\services\\token.service.ts": {"path":"C:\\Users\\USER\\Downloads\\CODING\\ORG\\Interviews\\ticketting-system-backend\\src\\services\\token.service.ts","statementMap":{"0":{"start":{"line":1,"column":0},"end":{"line":1,"column":28}},"1":{"start":{"line":2,"column":0},"end":{"line":2,"column":31}},"2":{"start":{"line":3,"column":0},"end":{"line":3,"column":32}},"3":{"start":{"line":5,"column":0},"end":{"line":5,"column":38}},"4":{"start":{"line":6,"column":0},"end":{"line":6,"column":36}},"5":{"start":{"line":7,"column":0},"end":{"line":7,"column":42}},"6":{"start":{"line":12,"column":29},"end":{"line":12,"column":67}},"7":{"start":{"line":15,"column":35},"end":{"line":15,"column":96}},"8":{"start":{"line":18,"column":8},"end":{"line":24,"column":11}},"9":{"start":{"line":27,"column":31},"end":{"line":27,"column":135}},"10":{"start":{"line":28,"column":32},"end":{"line":28,"column":165}},"11":{"start":{"line":30,"column":8},"end":{"line":30,"column":80}},"12":{"start":{"line":35,"column":36},"end":{"line":35,"column":123}},"13":{"start":{"line":38,"column":30},"end":{"line":40,"column":10}},"14":{"start":{"line":41,"column":8},"end":{"line":41,"column":84}},"15":{"start":{"line":41,"column":40},"end":{"line":41,"column":84}},"16":{"start":{"line":44,"column":21},"end":{"line":46,"column":10}},"17":{"start":{"line":47,"column":8},"end":{"line":47,"column":63}},"18":{"start":{"line":47,"column":19},"end":{"line":47,"column":63}},"19":{"start":{"line":50,"column":8},"end":{"line":60,"column":null}},"20":{"start":{"line":51,"column":28},"end":{"line":51,"column":103}},"21":{"start":{"line":53,"column":12},"end":{"line":59,"column":null}},"22":{"start":{"line":55,"column":16},"end":{"line":55,"column":77}},"23":{"start":{"line":58,"column":16},"end":{"line":58,"column":70}},"24":{"start":{"line":62,"column":8},"end":{"line":62,"column":52}},"25":{"start":{"line":67,"column":36},"end":{"line":67,"column":123}},"26":{"start":{"line":70,"column":30},"end":{"line":72,"column":10}},"27":{"start":{"line":73,"column":8},"end":{"line":73,"column":84}},"28":{"start":{"line":73,"column":40},"end":{"line":73,"column":84}},"29":{"start":{"line":76,"column":8},"end":{"line":85,"column":null}},"30":{"start":{"line":77,"column":28},"end":{"line":77,"column":103}},"31":{"start":{"line":79,"column":12},"end":{"line":84,"column":null}},"32":{"start":{"line":81,"column":16},"end":{"line":81,"column":77}},"33":{"start":{"line":83,"column":16},"end":{"line":83,"column":28}},"34":{"start":{"line":87,"column":8},"end":{"line":87,"column":52}},"35":{"start":{"line":91,"column":0},"end":{"line":91,"column":34}}},"fnMap":{"0":{"name":"(anonymous_8)","decl":{"start":{"line":10,"column":10},"end":{"line":10,"column":28}},"loc":{"start":{"line":10,"column":49},"end":{"line":31,"column":null}}},"1":{"name":"(anonymous_10)","decl":{"start":{"line":33,"column":10},"end":{"line":33,"column":27}},"loc":{"start":{"line":33,"column":51},"end":{"line":63,"column":null}}},"2":{"name":"(anonymous_12)","decl":{"start":{"line":65,"column":10},"end":{"line":65,"column":28}},"loc":{"start":{"line":65,"column":52},"end":{"line":88,"column":null}}}},"branchMap":{"0":{"loc":{"start":{"line":41,"column":8},"end":{"line":41,"column":84}},"type":"if","locations":[{"start":{"line":41,"column":8},"end":{"line":41,"column":84}}]},"1":{"loc":{"start":{"line":47,"column":8},"end":{"line":47,"column":63}},"type":"if","locations":[{"start":{"line":47,"column":8},"end":{"line":47,"column":63}}]},"2":{"loc":{"start":{"line":53,"column":12},"end":{"line":59,"column":null}},"type":"if","locations":[{"start":{"line":53,"column":12},"end":{"line":59,"column":null}}]},"3":{"loc":{"start":{"line":73,"column":8},"end":{"line":73,"column":84}},"type":"if","locations":[{"start":{"line":73,"column":8},"end":{"line":73,"column":84}}]},"4":{"loc":{"start":{"line":79,"column":12},"end":{"line":84,"column":null}},"type":"if","locations":[{"start":{"line":79,"column":12},"end":{"line":84,"column":null}}]}},"s":{"0":3,"1":3,"2":3,"3":3,"4":3,"5":3,"6":3,"7":3,"8":3,"9":3,"10":3,"11":3,"12":2,"13":2,"14":2,"15":1,"16":1,"17":1,"18":0,"19":1,"20":1,"21":1,"22":1,"23":1,"24":0,"25":2,"26":2,"27":2,"28":1,"29":1,"30":1,"31":1,"32":1,"33":1,"34":0,"35":3},"f":{"0":3,"1":2,"2":2},"b":{"0":[1],"1":[0],"2":[1],"3":[1],"4":[1]}}
,"C:\\Users\\USER\\Downloads\\CODING\\ORG\\Interviews\\ticketting-system-backend\\src\\services\\worker.service.ts": {"path":"C:\\Users\\USER\\Downloads\\CODING\\ORG\\Interviews\\ticketting-system-backend\\src\\services\\worker.service.ts","statementMap":{"0":{"start":{"line":1,"column":0},"end":{"line":1,"column":38}},"1":{"start":{"line":5,"column":23},"end":{"line":61,"column":10}},"2":{"start":{"line":5,"column":62},"end":{"line":61,"column":10}},"3":{"start":{"line":6,"column":26},"end":{"line":6,"column":80}},"4":{"start":{"line":7,"column":12},"end":{"line":7,"column":79}},"5":{"start":{"line":7,"column":24},"end":{"line":7,"column":79}},"6":{"start":{"line":9,"column":25},"end":{"line":9,"column":77}},"7":{"start":{"line":10,"column":12},"end":{"line":10,"column":76}},"8":{"start":{"line":10,"column":23},"end":{"line":10,"column":76}},"9":{"start":{"line":12,"column":12},"end":{"line":60,"column":null}},"10":{"start":{"line":16,"column":16},"end":{"line":21,"column":19}},"11":{"start":{"line":24,"column":37},"end":{"line":29,"column":18}},"12":{"start":{"line":31,"column":16},"end":{"line":31,"column":60}},"13":{"start":{"line":36,"column":36},"end":{"line":41,"column":18}},"14":{"start":{"line":44,"column":16},"end":{"line":49,"column":19}},"15":{"start":{"line":52,"column":37},"end":{"line":57,"column":18}},"16":{"start":{"line":59,"column":16},"end":{"line":59,"column":67}},"17":{"start":{"line":63,"column":8},"end":{"line":63,"column":22}},"18":{"start":{"line":67,"column":23},"end":{"line":155,"column":10}},"19":{"start":{"line":67,"column":62},"end":{"line":155,"column":10}},"20":{"start":{"line":68,"column":26},"end":{"line":68,"column":80}},"21":{"start":{"line":69,"column":12},"end":{"line":69,"column":79}},"22":{"start":{"line":69,"column":24},"end":{"line":69,"column":79}},"23":{"start":{"line":71,"column":25},"end":{"line":71,"column":77}},"24":{"start":{"line":72,"column":12},"end":{"line":72,"column":76}},"25":{"start":{"line":72,"column":23},"end":{"line":72,"column":76}},"26":{"start":{"line":74,"column":27},"end":{"line":79,"column":14}},"27":{"start":{"line":81,"column":12},"end":{"line":92,"column":null}},"28":{"start":{"line":84,"column":37},"end":{"line":89,"column":18}},"29":{"start":{"line":91,"column":16},"end":{"line":91,"column":40}},"30":{"start":{"line":95,"column":12},"end":{"line":97,"column":15}},"31":{"start":{"line":100,"column":33},"end":{"line":105,"column":14}},"32":{"start":{"line":108,"column":12},"end":{"line":113,"column":15}},"33":{"start":{"line":116,"column":37},"end":{"line":119,"column":14}},"34":{"start":{"line":121,"column":12},"end":{"line":152,"column":null}},"35":{"start":{"line":125,"column":16},"end":{"line":130,"column":19}},"36":{"start":{"line":133,"column":16},"end":{"line":138,"column":19}},"37":{"start":{"line":141,"column":16},"end":{"line":146,"column":19}},"38":{"start":{"line":149,"column":16},"end":{"line":151,"column":19}},"39":{"start":{"line":154,"column":12},"end":{"line":154,"column":36}},"40":{"start":{"line":157,"column":8},"end":{"line":157,"column":22}},"41":{"start":{"line":161,"column":0},"end":{"line":161,"column":35}}},"fnMap":{"0":{"name":"(anonymous_7)","decl":{"start":{"line":4,"column":10},"end":{"line":4,"column":28}},"loc":{"start":{"line":4,"column":89},"end":{"line":64,"column":null}}},"1":{"name":"(anonymous_9)","decl":{"start":{"line":5,"column":49},"end":{"line":5,"column":56}},"loc":{"start":{"line":5,"column":62},"end":{"line":61,"column":10}}},"2":{"name":"(anonymous_10)","decl":{"start":{"line":5,"column":62},"end":{"line":5,"column":null}},"loc":{"start":{"line":5,"column":62},"end":{"line":61,"column":9}}},"3":{"name":"(anonymous_11)","decl":{"start":{"line":66,"column":10},"end":{"line":66,"column":28}},"loc":{"start":{"line":66,"column":89},"end":{"line":158,"column":null}}},"4":{"name":"(anonymous_13)","decl":{"start":{"line":67,"column":49},"end":{"line":67,"column":56}},"loc":{"start":{"line":67,"column":62},"end":{"line":155,"column":10}}},"5":{"name":"(anonymous_14)","decl":{"start":{"line":67,"column":62},"end":{"line":67,"column":null}},"loc":{"start":{"line":67,"column":62},"end":{"line":155,"column":9}}}},"branchMap":{"0":{"loc":{"start":{"line":7,"column":12},"end":{"line":7,"column":79}},"type":"if","locations":[{"start":{"line":7,"column":12},"end":{"line":7,"column":79}}]},"1":{"loc":{"start":{"line":10,"column":12},"end":{"line":10,"column":76}},"type":"if","locations":[{"start":{"line":10,"column":12},"end":{"line":10,"column":76}}]},"2":{"loc":{"start":{"line":12,"column":12},"end":{"line":60,"column":null}},"type":"if","locations":[{"start":{"line":12,"column":12},"end":{"line":60,"column":null}},{"start":{"line":32,"column":19},"end":{"line":60,"column":null}}]},"3":{"loc":{"start":{"line":69,"column":12},"end":{"line":69,"column":79}},"type":"if","locations":[{"start":{"line":69,"column":12},"end":{"line":69,"column":79}}]},"4":{"loc":{"start":{"line":72,"column":12},"end":{"line":72,"column":76}},"type":"if","locations":[{"start":{"line":72,"column":12},"end":{"line":72,"column":76}}]},"5":{"loc":{"start":{"line":81,"column":12},"end":{"line":92,"column":null}},"type":"if","locations":[{"start":{"line":81,"column":12},"end":{"line":92,"column":null}}]},"6":{"loc":{"start":{"line":121,"column":12},"end":{"line":152,"column":null}},"type":"if","locations":[{"start":{"line":121,"column":12},"end":{"line":152,"column":null}}]}},"s":{"0":3,"1":5,"2":4,"3":4,"4":4,"5":1,"6":3,"7":3,"8":1,"9":2,"10":1,"11":1,"12":1,"13":1,"14":1,"15":1,"16":1,"17":3,"18":4,"19":3,"20":3,"21":3,"22":1,"23":2,"24":2,"25":1,"26":1,"27":1,"28":1,"29":1,"30":0,"31":0,"32":0,"33":0,"34":0,"35":0,"36":0,"37":0,"38":0,"39":0,"40":2,"41":3},"f":{"0":5,"1":4,"2":4,"3":4,"4":3,"5":3},"b":{"0":[1],"1":[1],"2":[1,1],"3":[1],"4":[1],"5":[1],"6":[0]}}
,"C:\\Users\\USER\\Downloads\\CODING\\ORG\\Interviews\\ticketting-system-backend\\src\\services\\v1\\auth.service.ts": {"path":"C:\\Users\\USER\\Downloads\\CODING\\ORG\\Interviews\\ticketting-system-backend\\src\\services\\v1\\auth.service.ts","statementMap":{"0":{"start":{"line":1,"column":0},"end":{"line":1,"column":24}},"1":{"start":{"line":2,"column":0},"end":{"line":2,"column":32}},"2":{"start":{"line":5,"column":0},"end":{"line":5,"column":38}},"3":{"start":{"line":6,"column":0},"end":{"line":6,"column":36}},"4":{"start":{"line":7,"column":0},"end":{"line":7,"column":51}},"5":{"start":{"line":8,"column":0},"end":{"line":8,"column":52}},"6":{"start":{"line":9,"column":0},"end":{"line":9,"column":62}},"7":{"start":{"line":13,"column":32},"end":{"line":21,"column":32}},"8":{"start":{"line":22,"column":8},"end":{"line":22,"column":65}},"9":{"start":{"line":22,"column":19},"end":{"line":22,"column":65}},"10":{"start":{"line":24,"column":29},"end":{"line":28,"column":10}},"11":{"start":{"line":29,"column":8},"end":{"line":29,"column":76}},"12":{"start":{"line":29,"column":26},"end":{"line":29,"column":76}},"13":{"start":{"line":31,"column":31},"end":{"line":31,"column":98}},"14":{"start":{"line":33,"column":21},"end":{"line":39,"column":10}},"15":{"start":{"line":41,"column":23},"end":{"line":41,"column":66}},"16":{"start":{"line":43,"column":8},"end":{"line":43,"column":32}},"17":{"start":{"line":47,"column":32},"end":{"line":54,"column":32}},"18":{"start":{"line":55,"column":8},"end":{"line":55,"column":65}},"19":{"start":{"line":55,"column":19},"end":{"line":55,"column":65}},"20":{"start":{"line":57,"column":21},"end":{"line":61,"column":10}},"21":{"start":{"line":62,"column":8},"end":{"line":62,"column":75}},"22":{"start":{"line":62,"column":19},"end":{"line":62,"column":75}},"23":{"start":{"line":64,"column":24},"end":{"line":64,"column":81}},"24":{"start":{"line":65,"column":8},"end":{"line":65,"column":78}},"25":{"start":{"line":65,"column":22},"end":{"line":65,"column":78}},"26":{"start":{"line":67,"column":23},"end":{"line":67,"column":66}},"27":{"start":{"line":69,"column":8},"end":{"line":69,"column":32}},"28":{"start":{"line":73,"column":32},"end":{"line":79,"column":32}},"29":{"start":{"line":80,"column":8},"end":{"line":80,"column":65}},"30":{"start":{"line":80,"column":19},"end":{"line":80,"column":65}},"31":{"start":{"line":83,"column":32},"end":{"line":83,"column":93}},"32":{"start":{"line":85,"column":8},"end":{"line":85,"column":31}},"33":{"start":{"line":89,"column":32},"end":{"line":95,"column":32}},"34":{"start":{"line":96,"column":8},"end":{"line":96,"column":65}},"35":{"start":{"line":96,"column":19},"end":{"line":96,"column":65}},"36":{"start":{"line":99,"column":8},"end":{"line":99,"column":71}},"37":{"start":{"line":101,"column":8},"end":{"line":101,"column":20}},"38":{"start":{"line":105,"column":0},"end":{"line":105,"column":33}}},"fnMap":{"0":{"name":"(anonymous_8)","decl":{"start":{"line":12,"column":10},"end":{"line":12,"column":18}},"loc":{"start":{"line":12,"column":45},"end":{"line":44,"column":null}}},"1":{"name":"(anonymous_10)","decl":{"start":{"line":46,"column":10},"end":{"line":46,"column":15}},"loc":{"start":{"line":46,"column":42},"end":{"line":70,"column":null}}},"2":{"name":"(anonymous_12)","decl":{"start":{"line":72,"column":10},"end":{"line":72,"column":23}},"loc":{"start":{"line":72,"column":50},"end":{"line":86,"column":null}}},"3":{"name":"(anonymous_14)","decl":{"start":{"line":88,"column":10},"end":{"line":88,"column":16}},"loc":{"start":{"line":88,"column":43},"end":{"line":102,"column":null}}}},"branchMap":{"0":{"loc":{"start":{"line":22,"column":8},"end":{"line":22,"column":65}},"type":"if","locations":[{"start":{"line":22,"column":8},"end":{"line":22,"column":65}}]},"1":{"loc":{"start":{"line":29,"column":8},"end":{"line":29,"column":76}},"type":"if","locations":[{"start":{"line":29,"column":8},"end":{"line":29,"column":76}}]},"2":{"loc":{"start":{"line":37,"column":22},"end":{"line":37,"column":44}},"type":"binary-expr","locations":[{"start":{"line":37,"column":22},"end":{"line":37,"column":36}},{"start":{"line":37,"column":40},"end":{"line":37,"column":44}}]},"3":{"loc":{"start":{"line":55,"column":8},"end":{"line":55,"column":65}},"type":"if","locations":[{"start":{"line":55,"column":8},"end":{"line":55,"column":65}}]},"4":{"loc":{"start":{"line":62,"column":8},"end":{"line":62,"column":75}},"type":"if","locations":[{"start":{"line":62,"column":8},"end":{"line":62,"column":75}}]},"5":{"loc":{"start":{"line":65,"column":8},"end":{"line":65,"column":78}},"type":"if","locations":[{"start":{"line":65,"column":8},"end":{"line":65,"column":78}}]},"6":{"loc":{"start":{"line":80,"column":8},"end":{"line":80,"column":65}},"type":"if","locations":[{"start":{"line":80,"column":8},"end":{"line":80,"column":65}}]},"7":{"loc":{"start":{"line":96,"column":8},"end":{"line":96,"column":65}},"type":"if","locations":[{"start":{"line":96,"column":8},"end":{"line":96,"column":65}}]}},"s":{"0":3,"1":3,"2":3,"3":3,"4":3,"5":3,"6":3,"7":2,"8":2,"9":0,"10":2,"11":2,"12":1,"13":1,"14":1,"15":1,"16":1,"17":3,"18":3,"19":0,"20":3,"21":3,"22":1,"23":2,"24":2,"25":1,"26":1,"27":1,"28":2,"29":2,"30":0,"31":2,"32":1,"33":2,"34":2,"35":0,"36":2,"37":1,"38":3},"f":{"0":2,"1":3,"2":2,"3":2},"b":{"0":[0],"1":[1],"2":[1,0],"3":[0],"4":[1],"5":[1],"6":[0],"7":[0]}}
,"C:\\Users\\USER\\Downloads\\CODING\\ORG\\Interviews\\ticketting-system-backend\\src\\services\\v1\\event.service.ts": {"path":"C:\\Users\\USER\\Downloads\\CODING\\ORG\\Interviews\\ticketting-system-backend\\src\\services\\v1\\event.service.ts","statementMap":{"0":{"start":{"line":1,"column":0},"end":{"line":1,"column":24}},"1":{"start":{"line":2,"column":0},"end":{"line":2,"column":34}},"2":{"start":{"line":6,"column":0},"end":{"line":6,"column":36}},"3":{"start":{"line":7,"column":0},"end":{"line":7,"column":38}},"4":{"start":{"line":8,"column":0},"end":{"line":8,"column":42}},"5":{"start":{"line":9,"column":0},"end":{"line":9,"column":51}},"6":{"start":{"line":10,"column":0},"end":{"line":10,"column":62}},"7":{"start":{"line":14,"column":32},"end":{"line":32,"column":46}},"8":{"start":{"line":23,"column":43},"end":{"line":23,"column":69}},"9":{"start":{"line":27,"column":43},"end":{"line":27,"column":69}},"10":{"start":{"line":33,"column":8},"end":{"line":33,"column":65}},"11":{"start":{"line":33,"column":19},"end":{"line":33,"column":65}},"12":{"start":{"line":35,"column":22},"end":{"line":46,"column":10}},"13":{"start":{"line":48,"column":8},"end":{"line":48,"column":21}},"14":{"start":{"line":52,"column":32},"end":{"line":59,"column":46}},"15":{"start":{"line":60,"column":8},"end":{"line":60,"column":65}},"16":{"start":{"line":60,"column":19},"end":{"line":60,"column":65}},"17":{"start":{"line":62,"column":22},"end":{"line":62,"column":90}},"18":{"start":{"line":63,"column":8},"end":{"line":63,"column":61}},"19":{"start":{"line":63,"column":20},"end":{"line":63,"column":61}},"20":{"start":{"line":65,"column":8},"end":{"line":65,"column":151}},"21":{"start":{"line":67,"column":29},"end":{"line":72,"column":10}},"22":{"start":{"line":74,"column":8},"end":{"line":74,"column":32}},"23":{"start":{"line":78,"column":32},"end":{"line":85,"column":46}},"24":{"start":{"line":86,"column":8},"end":{"line":86,"column":65}},"25":{"start":{"line":86,"column":19},"end":{"line":86,"column":65}},"26":{"start":{"line":88,"column":22},"end":{"line":88,"column":90}},"27":{"start":{"line":89,"column":8},"end":{"line":89,"column":61}},"28":{"start":{"line":89,"column":20},"end":{"line":89,"column":61}},"29":{"start":{"line":91,"column":8},"end":{"line":91,"column":151}},"30":{"start":{"line":93,"column":29},"end":{"line":98,"column":10}},"31":{"start":{"line":100,"column":8},"end":{"line":100,"column":32}},"32":{"start":{"line":104,"column":32},"end":{"line":111,"column":48}},"33":{"start":{"line":112,"column":8},"end":{"line":112,"column":65}},"34":{"start":{"line":112,"column":19},"end":{"line":112,"column":65}},"35":{"start":{"line":114,"column":22},"end":{"line":114,"column":92}},"36":{"start":{"line":115,"column":8},"end":{"line":115,"column":61}},"37":{"start":{"line":115,"column":20},"end":{"line":115,"column":61}},"38":{"start":{"line":117,"column":33},"end":{"line":117,"column":109}},"39":{"start":{"line":119,"column":8},"end":{"line":119,"column":100}},"40":{"start":{"line":123,"column":0},"end":{"line":123,"column":34}}},"fnMap":{"0":{"name":"(anonymous_8)","decl":{"start":{"line":13,"column":10},"end":{"line":13,"column":21}},"loc":{"start":{"line":13,"column":62},"end":{"line":49,"column":null}}},"1":{"name":"(anonymous_10)","decl":{"start":{"line":23,"column":32},"end":{"line":23,"column":33}},"loc":{"start":{"line":23,"column":43},"end":{"line":23,"column":69}}},"2":{"name":"(anonymous_11)","decl":{"start":{"line":27,"column":32},"end":{"line":27,"column":33}},"loc":{"start":{"line":27,"column":43},"end":{"line":27,"column":69}}},"3":{"name":"(anonymous_12)","decl":{"start":{"line":51,"column":10},"end":{"line":51,"column":28}},"loc":{"start":{"line":51,"column":69},"end":{"line":75,"column":null}}},"4":{"name":"(anonymous_14)","decl":{"start":{"line":77,"column":10},"end":{"line":77,"column":28}},"loc":{"start":{"line":77,"column":69},"end":{"line":101,"column":null}}},"5":{"name":"(anonymous_16)","decl":{"start":{"line":103,"column":10},"end":{"line":103,"column":24}},"loc":{"start":{"line":103,"column":67},"end":{"line":120,"column":null}}}},"branchMap":{"0":{"loc":{"start":{"line":33,"column":8},"end":{"line":33,"column":65}},"type":"if","locations":[{"start":{"line":33,"column":8},"end":{"line":33,"column":65}}]},"1":{"loc":{"start":{"line":60,"column":8},"end":{"line":60,"column":65}},"type":"if","locations":[{"start":{"line":60,"column":8},"end":{"line":60,"column":65}}]},"2":{"loc":{"start":{"line":63,"column":8},"end":{"line":63,"column":61}},"type":"if","locations":[{"start":{"line":63,"column":8},"end":{"line":63,"column":61}}]},"3":{"loc":{"start":{"line":86,"column":8},"end":{"line":86,"column":65}},"type":"if","locations":[{"start":{"line":86,"column":8},"end":{"line":86,"column":65}}]},"4":{"loc":{"start":{"line":89,"column":8},"end":{"line":89,"column":61}},"type":"if","locations":[{"start":{"line":89,"column":8},"end":{"line":89,"column":61}}]},"5":{"loc":{"start":{"line":112,"column":8},"end":{"line":112,"column":65}},"type":"if","locations":[{"start":{"line":112,"column":8},"end":{"line":112,"column":65}}]},"6":{"loc":{"start":{"line":115,"column":8},"end":{"line":115,"column":61}},"type":"if","locations":[{"start":{"line":115,"column":8},"end":{"line":115,"column":61}}]}},"s":{"0":2,"1":2,"2":2,"3":2,"4":2,"5":2,"6":2,"7":1,"8":1,"9":1,"10":1,"11":0,"12":1,"13":1,"14":1,"15":1,"16":0,"17":1,"18":1,"19":0,"20":1,"21":1,"22":1,"23":1,"24":1,"25":0,"26":1,"27":1,"28":0,"29":1,"30":1,"31":1,"32":1,"33":1,"34":0,"35":1,"36":1,"37":0,"38":1,"39":1,"40":2},"f":{"0":1,"1":1,"2":1,"3":1,"4":1,"5":1},"b":{"0":[0],"1":[0],"2":[0],"3":[0],"4":[0],"5":[0],"6":[0]}}
,"C:\\Users\\USER\\Downloads\\CODING\\ORG\\Interviews\\ticketting-system-backend\\src\\services\\v1\\user.service.ts": {"path":"C:\\Users\\USER\\Downloads\\CODING\\ORG\\Interviews\\ticketting-system-backend\\src\\services\\v1\\user.service.ts","statementMap":{"0":{"start":{"line":1,"column":0},"end":{"line":1,"column":24}},"1":{"start":{"line":4,"column":0},"end":{"line":4,"column":38}},"2":{"start":{"line":6,"column":0},"end":{"line":6,"column":51}},"3":{"start":{"line":7,"column":0},"end":{"line":7,"column":62}},"4":{"start":{"line":11,"column":32},"end":{"line":15,"column":40}},"5":{"start":{"line":16,"column":8},"end":{"line":16,"column":65}},"6":{"start":{"line":16,"column":19},"end":{"line":16,"column":65}},"7":{"start":{"line":18,"column":8},"end":{"line":18,"column":85}},"8":{"start":{"line":22,"column":0},"end":{"line":22,"column":33}}},"fnMap":{"0":{"name":"(anonymous_8)","decl":{"start":{"line":10,"column":10},"end":{"line":10,"column":24}},"loc":{"start":{"line":10,"column":59},"end":{"line":19,"column":null}}}},"branchMap":{"0":{"loc":{"start":{"line":16,"column":8},"end":{"line":16,"column":65}},"type":"if","locations":[{"start":{"line":16,"column":8},"end":{"line":16,"column":65}}]}},"s":{"0":2,"1":2,"2":2,"3":2,"4":1,"5":1,"6":0,"7":1,"8":2},"f":{"0":1},"b":{"0":[0]}}
,"C:\\Users\\USER\\Downloads\\CODING\\ORG\\Interviews\\ticketting-system-backend\\src\\utilities\\custom-error.ts": {"path":"C:\\Users\\USER\\Downloads\\CODING\\ORG\\Interviews\\ticketting-system-backend\\src\\utilities\\custom-error.ts","statementMap":{"0":{"start":{"line":11,"column":8},"end":{"line":11,"column":23}},"1":{"start":{"line":13,"column":8},"end":{"line":13,"column":42}},"2":{"start":{"line":14,"column":8},"end":{"line":14,"column":40}},"3":{"start":{"line":18,"column":0},"end":{"line":18,"column":27}}},"fnMap":{"0":{"name":"(anonymous_0)","decl":{"start":{"line":10,"column":4},"end":{"line":10,"column":16}},"loc":{"start":{"line":10,"column":52},"end":{"line":15,"column":5}}}},"branchMap":{"0":{"loc":{"start":{"line":14,"column":22},"end":{"line":14,"column":39}},"type":"binary-expr","locations":[{"start":{"line":14,"column":22},"end":{"line":14,"column":32}},{"start":{"line":14,"column":36},"end":{"line":14,"column":39}}]}},"s":{"0":4,"1":4,"2":4,"3":3},"f":{"0":4},"b":{"0":[4,0]}}
,"C:\\Users\\USER\\Downloads\\CODING\\ORG\\Interviews\\ticketting-system-backend\\src\\utilities\\helpful-methods.ts": {"path":"C:\\Users\\USER\\Downloads\\CODING\\ORG\\Interviews\\ticketting-system-backend\\src\\utilities\\helpful-methods.ts","statementMap":{"0":{"start":{"line":3,"column":33},"end":{"line":18,"column":1}},"1":{"start":{"line":4,"column":4},"end":{"line":17,"column":null}},"2":{"start":{"line":5,"column":8},"end":{"line":5,"column":26}},"3":{"start":{"line":6,"column":11},"end":{"line":17,"column":null}},"4":{"start":{"line":7,"column":8},"end":{"line":12,"column":null}},"5":{"start":{"line":9,"column":12},"end":{"line":11,"column":null}},"6":{"start":{"line":10,"column":16},"end":{"line":10,"column":55}},"7":{"start":{"line":14,"column":8},"end":{"line":14,"column":19}},"8":{"start":{"line":16,"column":8},"end":{"line":16,"column":19}},"9":{"start":{"line":3,"column":13},"end":{"line":3,"column":33}},"10":{"start":{"line":20,"column":31},"end":{"line":60,"column":1}},"11":{"start":{"line":23,"column":27},"end":{"line":23,"column":57}},"12":{"start":{"line":25,"column":4},"end":{"line":56,"column":null}},"13":{"start":{"line":26,"column":8},"end":{"line":55,"column":null}},"14":{"start":{"line":28,"column":16},"end":{"line":36,"column":null}},"15":{"start":{"line":30,"column":20},"end":{"line":30,"column":122}},"16":{"start":{"line":31,"column":23},"end":{"line":36,"column":null}},"17":{"start":{"line":33,"column":20},"end":{"line":33,"column":97}},"18":{"start":{"line":35,"column":20},"end":{"line":35,"column":78}},"19":{"start":{"line":37,"column":16},"end":{"line":37,"column":22}},"20":{"start":{"line":41,"column":16},"end":{"line":46,"column":null}},"21":{"start":{"line":43,"column":20},"end":{"line":43,"column":134}},"22":{"start":{"line":45,"column":20},"end":{"line":45,"column":78}},"23":{"start":{"line":48,"column":16},"end":{"line":48,"column":22}},"24":{"start":{"line":52,"column":16},"end":{"line":52,"column":74}},"25":{"start":{"line":53,"column":16},"end":{"line":53,"column":22}},"26":{"start":{"line":59,"column":4},"end":{"line":59,"column":90}},"27":{"start":{"line":20,"column":13},"end":{"line":20,"column":31}}},"fnMap":{"0":{"name":"(anonymous_0)","decl":{"start":{"line":3,"column":33},"end":{"line":3,"column":34}},"loc":{"start":{"line":3,"column":46},"end":{"line":18,"column":1}}},"1":{"name":"(anonymous_1)","decl":{"start":{"line":20,"column":31},"end":{"line":20,"column":32}},"loc":{"start":{"line":20,"column":56},"end":{"line":60,"column":1}}}},"branchMap":{"0":{"loc":{"start":{"line":4,"column":4},"end":{"line":17,"column":null}},"type":"if","locations":[{"start":{"line":4,"column":4},"end":{"line":17,"column":null}},{"start":{"line":6,"column":11},"end":{"line":17,"column":null}}]},"1":{"loc":{"start":{"line":6,"column":11},"end":{"line":17,"column":null}},"type":"if","locations":[{"start":{"line":6,"column":11},"end":{"line":17,"column":null}},{"start":{"line":15,"column":11},"end":{"line":17,"column":null}}]},"2":{"loc":{"start":{"line":9,"column":12},"end":{"line":11,"column":null}},"type":"if","locations":[{"start":{"line":9,"column":12},"end":{"line":11,"column":null}}]},"3":{"loc":{"start":{"line":26,"column":8},"end":{"line":55,"column":null}},"type":"switch","locations":[{"start":{"line":27,"column":12},"end":{"line":38,"column":null}},{"start":{"line":40,"column":12},"end":{"line":49,"column":null}},{"start":{"line":51,"column":12},"end":{"line":54,"column":null}}]},"4":{"loc":{"start":{"line":28,"column":16},"end":{"line":36,"column":null}},"type":"if","locations":[{"start":{"line":28,"column":16},"end":{"line":36,"column":null}},{"start":{"line":31,"column":23},"end":{"line":36,"column":null}}]},"5":{"loc":{"start":{"line":31,"column":23},"end":{"line":36,"column":null}},"type":"if","locations":[{"start":{"line":31,"column":23},"end":{"line":36,"column":null}},{"start":{"line":34,"column":23},"end":{"line":36,"column":null}}]},"6":{"loc":{"start":{"line":41,"column":16},"end":{"line":46,"column":null}},"type":"if","locations":[{"start":{"line":41,"column":16},"end":{"line":46,"column":null}},{"start":{"line":44,"column":23},"end":{"line":46,"column":null}}]},"7":{"loc":{"start":{"line":59,"column":11},"end":{"line":59,"column":89}},"type":"binary-expr","locations":[{"start":{"line":59,"column":11},"end":{"line":59,"column":56}},{"start":{"line":59,"column":60},"end":{"line":59,"column":89}}]},"8":{"loc":{"start":{"line":59,"column":11},"end":{"line":59,"column":56}},"type":"cond-expr","locations":[{"start":{"line":59,"column":47},"end":{"line":59,"column":49}},{"start":{"line":59,"column":47},"end":{"line":59,"column":56}}]},"9":{"loc":{"start":{"line":59,"column":11},"end":{"line":59,"column":49}},"type":"binary-expr","locations":[{"start":{"line":59,"column":11},"end":{"line":59,"column":49}},{"start":{"line":59,"column":47},"end":{"line":59,"column":49}}]}},"s":{"0":3,"1":26,"2":7,"3":19,"4":18,"5":8,"6":8,"7":18,"8":1,"9":3,"10":3,"11":0,"12":0,"13":0,"14":0,"15":0,"16":0,"17":0,"18":0,"19":0,"20":0,"21":0,"22":0,"23":0,"24":0,"25":0,"26":0,"27":3},"f":{"0":26,"1":0},"b":{"0":[7,19],"1":[18,1],"2":[8],"3":[0,0,0],"4":[0,0],"5":[0,0],"6":[0,0],"7":[0,0],"8":[0,0],"9":[0,0]}}
,"C:\\Users\\USER\\Downloads\\CODING\\ORG\\Interviews\\ticketting-system-backend\\src\\utilities\\response.ts": {"path":"C:\\Users\\USER\\Downloads\\CODING\\ORG\\Interviews\\ticketting-system-backend\\src\\utilities\\response.ts","statementMap":{"0":{"start":{"line":2,"column":4},"end":{"line":6,"column":6}},"1":{"start":{"line":9,"column":0},"end":{"line":9,"column":24}}},"fnMap":{"0":{"name":"response","decl":{"start":{"line":1,"column":9},"end":{"line":1,"column":17}},"loc":{"start":{"line":1,"column":71},"end":{"line":7,"column":1}}}},"branchMap":{"0":{"loc":{"start":{"line":4,"column":14},"end":{"line":4,"column":26}},"type":"binary-expr","locations":[{"start":{"line":4,"column":14},"end":{"line":4,"column":18}},{"start":{"line":4,"column":22},"end":{"line":4,"column":26}}]},"1":{"loc":{"start":{"line":5,"column":17},"end":{"line":5,"column":49}},"type":"cond-expr","locations":[{"start":{"line":5,"column":35},"end":{"line":5,"column":39}},{"start":{"line":5,"column":42},"end":{"line":5,"column":49}}]}},"s":{"0":6,"1":2},"f":{"0":6},"b":{"0":[6,1],"1":[5,1]}}
,"C:\\Users\\USER\\Downloads\\CODING\\ORG\\Interviews\\ticketting-system-backend\\src\\workers\\event-worker.ts": {"path":"C:\\Users\\USER\\Downloads\\CODING\\ORG\\Interviews\\ticketting-system-backend\\src\\workers\\event-worker.ts","statementMap":{"0":{"start":{"line":1,"column":0},"end":{"line":1,"column":32}},"1":{"start":{"line":3,"column":0},"end":{"line":3,"column":36}},"2":{"start":{"line":4,"column":0},"end":{"line":4,"column":36}},"3":{"start":{"line":5,"column":0},"end":{"line":5,"column":54}},"4":{"start":{"line":7,"column":13},"end":{"line":39,"column":2}},"5":{"start":{"line":9,"column":18},"end":{"line":33,"column":null}},"6":{"start":{"line":10,"column":46},"end":{"line":10,"column":54}},"7":{"start":{"line":12,"column":8},"end":{"line":32,"column":null}},"8":{"start":{"line":14,"column":16},"end":{"line":14,"column":95}},"9":{"start":{"line":16,"column":16},"end":{"line":16,"column":78}},"10":{"start":{"line":18,"column":16},"end":{"line":18,"column":22}},"11":{"start":{"line":22,"column":16},"end":{"line":22,"column":97}},"12":{"start":{"line":24,"column":16},"end":{"line":24,"column":78}},"13":{"start":{"line":26,"column":16},"end":{"line":26,"column":22}},"14":{"start":{"line":30,"column":16},"end":{"line":30,"column":61}},"15":{"start":{"line":42,"column":4},"end":{"line":42,"column":30}},"16":{"start":{"line":41,"column":0},"end":{"line":41,"column":22}},"17":{"start":{"line":45,"column":0},"end":{"line":47,"column":3}},"18":{"start":{"line":46,"column":4},"end":{"line":46,"column":59}},"19":{"start":{"line":49,"column":0},"end":{"line":51,"column":3}},"20":{"start":{"line":50,"column":4},"end":{"line":50,"column":66}}},"fnMap":{"0":{"name":"(anonymous_8)","decl":{"start":{"line":9,"column":4},"end":{"line":9,"column":11}},"loc":{"start":{"line":9,"column":18},"end":{"line":33,"column":null}}},"1":{"name":"(anonymous_9)","decl":{"start":{"line":9,"column":18},"end":{"line":9,"column":null}},"loc":{"start":{"line":9,"column":18},"end":{"line":33,"column":5}}},"2":{"name":"closeEventWorker","decl":{"start":{"line":41,"column":22},"end":{"line":41,"column":38}},"loc":{"start":{"line":41,"column":38},"end":{"line":43,"column":null}}},"3":{"name":"(anonymous_12)","decl":{"start":{"line":45,"column":28},"end":{"line":45,"column":29}},"loc":{"start":{"line":45,"column":36},"end":{"line":47,"column":1}}},"4":{"name":"(anonymous_13)","decl":{"start":{"line":49,"column":25},"end":{"line":49,"column":26}},"loc":{"start":{"line":49,"column":38},"end":{"line":51,"column":1}}}},"branchMap":{"0":{"loc":{"start":{"line":12,"column":8},"end":{"line":32,"column":null}},"type":"switch","locations":[{"start":{"line":13,"column":12},"end":{"line":19,"column":null}},{"start":{"line":21,"column":12},"end":{"line":27,"column":null}},{"start":{"line":29,"column":12},"end":{"line":31,"column":null}}]},"1":{"loc":{"start":{"line":50,"column":28},"end":{"line":50,"column":41}},"type":"binary-expr","locations":[{"start":{"line":50,"column":28},"end":{"line":50,"column":31}},{"start":{"line":50,"column":35},"end":{"line":50,"column":41}}]}},"s":{"0":2,"1":2,"2":2,"3":2,"4":2,"5":2,"6":2,"7":2,"8":1,"9":1,"10":1,"11":1,"12":1,"13":1,"14":0,"15":2,"16":2,"17":2,"18":2,"19":2,"20":0},"f":{"0":2,"1":2,"2":2,"3":2,"4":0},"b":{"0":[1,1,0],"1":[0,0]}}
}
