TN:
SF:src\index.ts
FN:27,(anonymous_8)
FN:27,(anonymous_9)
FN:35,(anonymous_10)
FNF:3
FNH:2
FNDA:2,(anonymous_8)
FNDA:2,(anonymous_9)
FNDA:0,(anonymous_10)
DA:2,2
DA:4,2
DA:5,2
DA:6,2
DA:8,2
DA:9,2
DA:10,2
DA:11,2
DA:13,2
DA:14,2
DA:17,2
DA:19,2
DA:22,2
DA:24,2
DA:27,2
DA:28,2
DA:31,2
DA:35,2
DA:36,0
DA:39,2
LF:20
LH:19
BRDA:24,0,0,2
BRDA:24,0,1,2
BRF:2
BRH:2
end_of_record
TN:
SF:src\configs\index.ts
FNF:0
FNH:0
DA:2,4
DA:3,4
DA:4,4
DA:6,4
DA:22,4
DA:23,4
DA:25,4
DA:43,4
DA:94,4
DA:95,0
DA:98,4
DA:103,4
LF:12
LH:11
BRDA:23,0,0,4
BRDA:23,0,1,0
BRDA:94,1,0,0
BRF:3
BRH:1
end_of_record
TN:
SF:src\constants\index.ts
FNF:0
FNH:0
DA:1,3
LF:1
LH:1
BRF:0
BRH:0
end_of_record
TN:
SF:src\controllers\v1\auth.controller.ts
FN:7,(anonymous_8)
FN:12,(anonymous_10)
FN:17,(anonymous_12)
FN:22,(anonymous_14)
FNF:4
FNH:0
FNDA:0,(anonymous_8)
FNDA:0,(anonymous_10)
FNDA:0,(anonymous_12)
FNDA:0,(anonymous_14)
DA:3,2
DA:4,2
DA:8,0
DA:9,0
DA:13,0
DA:14,0
DA:18,0
DA:19,0
DA:23,0
DA:24,0
DA:28,2
LF:11
LH:3
BRF:0
BRH:0
end_of_record
TN:
SF:src\controllers\v1\event.controller.ts
FN:7,(anonymous_8)
FN:12,(anonymous_10)
FN:17,(anonymous_12)
FN:22,(anonymous_14)
FNF:4
FNH:4
FNDA:1,(anonymous_8)
FNDA:1,(anonymous_10)
FNDA:1,(anonymous_12)
FNDA:1,(anonymous_14)
DA:3,2
DA:4,2
DA:8,1
DA:9,1
DA:13,1
DA:14,1
DA:18,1
DA:19,1
DA:23,1
DA:24,1
DA:28,2
LF:11
LH:11
BRF:0
BRH:0
end_of_record
TN:
SF:src\controllers\v1\user.controller.ts
FN:7,(anonymous_8)
FNF:1
FNH:1
FNDA:1,(anonymous_8)
DA:3,2
DA:4,2
DA:8,1
DA:9,1
DA:13,2
LF:5
LH:5
BRF:0
BRH:0
end_of_record
TN:
SF:src\lib\bullmq.ts
FNF:0
FNH:0
DA:1,2
DA:3,2
DA:4,2
DA:6,2
DA:8,2
LF:5
LH:5
BRF:0
BRH:0
end_of_record
TN:
SF:src\lib\redis.ts
FN:6,(anonymous_0)
FN:10,(anonymous_1)
FN:14,(anonymous_2)
FNF:3
FNH:2
FNDA:2,(anonymous_0)
FNDA:0,(anonymous_1)
FNDA:2,(anonymous_2)
DA:1,2
DA:2,2
DA:4,2
DA:6,2
DA:7,2
DA:10,2
DA:11,0
DA:14,2
DA:16,2
LF:9
LH:8
BRDA:7,0,0,0
BRDA:7,0,1,2
BRF:2
BRH:1
end_of_record
TN:
SF:src\middlewares\auth.middleware.ts
FN:13,(anonymous_8)
FN:16,(anonymous_9)
FN:16,(anonymous_10)
FN:21,(anonymous_11)
FNF:4
FNH:4
FNDA:10,(anonymous_8)
FNDA:6,(anonymous_9)
FNDA:6,(anonymous_10)
FNDA:6,(anonymous_11)
DA:1,2
DA:4,2
DA:5,2
DA:6,2
DA:13,2
DA:14,10
DA:16,10
DA:17,6
DA:19,6
DA:21,6
DA:22,6
DA:23,6
DA:26,6
DA:29,6
DA:32,5
DA:35,5
DA:37,5
LF:17
LH:17
BRDA:13,0,0,0
BRDA:14,1,0,10
BRDA:14,1,1,0
BRDA:17,2,0,0
BRDA:19,3,0,6
BRDA:19,3,1,0
BRDA:22,4,0,0
BRDA:29,5,0,1
BRDA:32,6,0,0
BRF:9
BRH:3
end_of_record
TN:
SF:src\middlewares\error.middleware.ts
FN:4,(anonymous_1)
FN:6,(anonymous_2)
FN:11,(anonymous_3)
FNF:3
FNH:2
FNDA:2,(anonymous_1)
FNDA:0,(anonymous_2)
FNDA:1,(anonymous_3)
DA:1,2
DA:4,2
DA:6,2
DA:7,0
DA:11,2
DA:13,1
DA:14,1
DA:15,0
DA:26,0
DA:28,0
DA:31,1
DA:34,2
DA:37,2
LF:13
LH:9
BRDA:13,0,0,1
BRDA:13,0,1,0
BRDA:13,1,0,1
BRDA:13,1,1,1
BRDA:15,2,0,0
BRDA:15,2,1,0
BRF:6
BRH:3
end_of_record
TN:
SF:src\middlewares\pre-route.middleware.ts
FN:12,(anonymous_1)
FN:30,(anonymous_2)
FNF:2
FNH:2
FNDA:2,(anonymous_1)
FNDA:10,(anonymous_2)
DA:1,2
DA:2,2
DA:3,2
DA:4,2
DA:5,2
DA:6,2
DA:7,2
DA:9,2
DA:10,2
DA:12,2
DA:14,2
DA:22,2
DA:30,10
DA:36,2
DA:39,2
DA:42,2
DA:45,2
DA:47,2
DA:50,2
LF:19
LH:19
BRF:0
BRH:0
end_of_record
TN:
SF:src\middlewares\trim-incoming.middleware.ts
FN:4,(anonymous_0)
FNF:1
FNH:1
FNDA:6,(anonymous_0)
DA:2,2
DA:4,2
DA:5,6
DA:6,6
DA:9,6
DA:10,6
DA:13,6
DA:14,6
DA:17,6
DA:20,2
LF:10
LH:10
BRDA:5,0,0,6
BRDA:9,1,0,6
BRDA:13,2,0,6
BRF:3
BRH:3
end_of_record
TN:
SF:src\routes\index.ts
FN:14,(anonymous_1)
FNF:1
FNH:0
FNDA:0,(anonymous_1)
DA:1,2
DA:3,2
DA:4,2
DA:5,2
DA:7,2
DA:10,2
DA:12,2
DA:14,2
DA:15,0
DA:24,2
LF:10
LH:9
BRF:0
BRH:0
end_of_record
TN:
SF:src\routes\v1\auth.route.ts
FNF:0
FNH:0
DA:1,2
DA:3,2
DA:5,2
DA:7,2
DA:9,2
DA:11,2
DA:13,2
DA:15,2
LF:8
LH:8
BRF:0
BRH:0
end_of_record
TN:
SF:src\routes\v1\event.route.ts
FNF:0
FNH:0
DA:1,2
DA:3,2
DA:4,2
DA:5,2
DA:7,2
DA:9,2
DA:11,2
DA:13,2
DA:15,2
DA:17,2
LF:10
LH:10
BRF:0
BRH:0
end_of_record
TN:
SF:src\routes\v1\index.ts
FNF:0
FNH:0
DA:1,2
DA:3,2
DA:4,2
DA:5,2
DA:7,2
DA:9,2
DA:11,2
DA:13,2
DA:15,2
LF:9
LH:9
BRF:0
BRH:0
end_of_record
TN:
SF:src\routes\v1\user.route.ts
FNF:0
FNH:0
DA:1,2
DA:3,2
DA:4,2
DA:5,2
DA:7,2
DA:9,2
DA:11,2
LF:7
LH:7
BRF:0
BRH:0
end_of_record
TN:
SF:src\services\token.service.ts
FN:10,(anonymous_8)
FN:33,(anonymous_10)
FN:65,(anonymous_12)
FNF:3
FNH:3
FNDA:3,(anonymous_8)
FNDA:2,(anonymous_10)
FNDA:2,(anonymous_12)
DA:1,3
DA:2,3
DA:3,3
DA:5,3
DA:6,3
DA:7,3
DA:12,3
DA:15,3
DA:18,3
DA:27,3
DA:28,3
DA:30,3
DA:35,2
DA:38,2
DA:41,2
DA:44,1
DA:47,1
DA:50,1
DA:51,1
DA:53,1
DA:55,1
DA:58,1
DA:62,0
DA:67,2
DA:70,2
DA:73,2
DA:76,1
DA:77,1
DA:79,1
DA:81,1
DA:83,1
DA:87,0
DA:91,3
LF:33
LH:31
BRDA:41,0,0,1
BRDA:47,1,0,0
BRDA:53,2,0,1
BRDA:73,3,0,1
BRDA:79,4,0,1
BRF:5
BRH:4
end_of_record
TN:
SF:src\services\worker.service.ts
FN:4,(anonymous_7)
FN:5,(anonymous_9)
FN:5,(anonymous_10)
FN:66,(anonymous_11)
FN:67,(anonymous_13)
FN:67,(anonymous_14)
FNF:6
FNH:6
FNDA:5,(anonymous_7)
FNDA:4,(anonymous_9)
FNDA:4,(anonymous_10)
FNDA:4,(anonymous_11)
FNDA:3,(anonymous_13)
FNDA:3,(anonymous_14)
DA:1,3
DA:5,5
DA:6,4
DA:7,4
DA:9,3
DA:10,3
DA:12,2
DA:16,1
DA:24,1
DA:31,1
DA:36,1
DA:44,1
DA:52,1
DA:59,1
DA:63,3
DA:67,4
DA:68,3
DA:69,3
DA:71,2
DA:72,2
DA:74,1
DA:81,1
DA:84,1
DA:91,1
DA:95,0
DA:100,0
DA:108,0
DA:116,0
DA:121,0
DA:125,0
DA:133,0
DA:141,0
DA:149,0
DA:154,0
DA:157,2
DA:161,3
LF:36
LH:26
BRDA:7,0,0,1
BRDA:10,1,0,1
BRDA:12,2,0,1
BRDA:12,2,1,1
BRDA:69,3,0,1
BRDA:72,4,0,1
BRDA:81,5,0,1
BRDA:121,6,0,0
BRF:8
BRH:7
end_of_record
TN:
SF:src\services\v1\auth.service.ts
FN:12,(anonymous_8)
FN:46,(anonymous_10)
FN:72,(anonymous_12)
FN:88,(anonymous_14)
FNF:4
FNH:4
FNDA:2,(anonymous_8)
FNDA:3,(anonymous_10)
FNDA:2,(anonymous_12)
FNDA:2,(anonymous_14)
DA:1,3
DA:2,3
DA:5,3
DA:6,3
DA:7,3
DA:8,3
DA:9,3
DA:13,2
DA:22,2
DA:24,2
DA:29,2
DA:31,1
DA:33,1
DA:41,1
DA:43,1
DA:47,3
DA:55,3
DA:57,3
DA:62,3
DA:64,2
DA:65,2
DA:67,1
DA:69,1
DA:73,2
DA:80,2
DA:83,2
DA:85,1
DA:89,2
DA:96,2
DA:99,2
DA:101,1
DA:105,3
LF:32
LH:32
BRDA:22,0,0,0
BRDA:29,1,0,1
BRDA:37,2,0,1
BRDA:37,2,1,0
BRDA:55,3,0,0
BRDA:62,4,0,1
BRDA:65,5,0,1
BRDA:80,6,0,0
BRDA:96,7,0,0
BRF:9
BRH:4
end_of_record
TN:
SF:src\services\v1\event.service.ts
FN:13,(anonymous_8)
FN:23,(anonymous_10)
FN:27,(anonymous_11)
FN:51,(anonymous_12)
FN:77,(anonymous_14)
FN:103,(anonymous_16)
FNF:6
FNH:6
FNDA:1,(anonymous_8)
FNDA:1,(anonymous_10)
FNDA:1,(anonymous_11)
FNDA:1,(anonymous_12)
FNDA:1,(anonymous_14)
FNDA:1,(anonymous_16)
DA:1,2
DA:2,2
DA:6,2
DA:7,2
DA:8,2
DA:9,2
DA:10,2
DA:14,1
DA:23,1
DA:27,1
DA:33,1
DA:35,1
DA:48,1
DA:52,1
DA:60,1
DA:62,1
DA:63,1
DA:65,1
DA:67,1
DA:74,1
DA:78,1
DA:86,1
DA:88,1
DA:89,1
DA:91,1
DA:93,1
DA:100,1
DA:104,1
DA:112,1
DA:114,1
DA:115,1
DA:117,1
DA:119,1
DA:123,2
LF:34
LH:34
BRDA:33,0,0,0
BRDA:60,1,0,0
BRDA:63,2,0,0
BRDA:86,3,0,0
BRDA:89,4,0,0
BRDA:112,5,0,0
BRDA:115,6,0,0
BRF:7
BRH:0
end_of_record
TN:
SF:src\services\v1\user.service.ts
FN:10,(anonymous_8)
FNF:1
FNH:1
FNDA:1,(anonymous_8)
DA:1,2
DA:4,2
DA:6,2
DA:7,2
DA:11,1
DA:16,1
DA:18,1
DA:22,2
LF:8
LH:8
BRDA:16,0,0,0
BRF:1
BRH:0
end_of_record
TN:
SF:src\utilities\custom-error.ts
FN:10,(anonymous_0)
FNF:1
FNH:1
FNDA:4,(anonymous_0)
DA:11,4
DA:13,4
DA:14,4
DA:18,3
LF:4
LH:4
BRDA:14,0,0,4
BRDA:14,0,1,0
BRF:2
BRH:1
end_of_record
TN:
SF:src\utilities\helpful-methods.ts
FN:3,(anonymous_0)
FN:20,(anonymous_1)
FNF:2
FNH:1
FNDA:26,(anonymous_0)
FNDA:0,(anonymous_1)
DA:3,3
DA:4,26
DA:5,7
DA:6,19
DA:7,18
DA:9,8
DA:10,8
DA:14,18
DA:16,1
DA:20,3
DA:23,0
DA:25,0
DA:26,0
DA:28,0
DA:30,0
DA:31,0
DA:33,0
DA:35,0
DA:37,0
DA:41,0
DA:43,0
DA:45,0
DA:48,0
DA:52,0
DA:53,0
DA:59,0
LF:26
LH:10
BRDA:4,0,0,7
BRDA:4,0,1,19
BRDA:6,1,0,18
BRDA:6,1,1,1
BRDA:9,2,0,8
BRDA:26,3,0,0
BRDA:26,3,1,0
BRDA:26,3,2,0
BRDA:28,4,0,0
BRDA:28,4,1,0
BRDA:31,5,0,0
BRDA:31,5,1,0
BRDA:41,6,0,0
BRDA:41,6,1,0
BRDA:59,7,0,0
BRDA:59,7,1,0
BRDA:59,8,0,0
BRDA:59,8,1,0
BRDA:59,9,0,0
BRDA:59,9,1,0
BRF:20
BRH:5
end_of_record
TN:
SF:src\utilities\response.ts
FN:1,response
FNF:1
FNH:1
FNDA:6,response
DA:2,6
DA:9,2
LF:2
LH:2
BRDA:4,0,0,6
BRDA:4,0,1,1
BRDA:5,1,0,5
BRDA:5,1,1,1
BRF:4
BRH:4
end_of_record
TN:
SF:src\workers\event-worker.ts
FN:9,(anonymous_8)
FN:9,(anonymous_9)
FN:41,closeEventWorker
FN:45,(anonymous_12)
FN:49,(anonymous_13)
FNF:5
FNH:4
FNDA:2,(anonymous_8)
FNDA:2,(anonymous_9)
FNDA:2,closeEventWorker
FNDA:2,(anonymous_12)
FNDA:0,(anonymous_13)
DA:1,2
DA:3,2
DA:4,2
DA:5,2
DA:7,2
DA:9,2
DA:10,2
DA:12,2
DA:14,1
DA:16,1
DA:18,1
DA:22,1
DA:24,1
DA:26,1
DA:30,0
DA:41,2
DA:42,2
DA:45,2
DA:46,2
DA:49,2
DA:50,0
LF:21
LH:19
BRDA:12,0,0,1
BRDA:12,0,1,1
BRDA:12,0,2,0
BRDA:50,1,0,0
BRDA:50,1,1,0
BRF:5
BRH:2
end_of_record
